2024-10-16T04:07:25.974Z - TypeError: Cannot read properties of undefined (reading 'path')
    at appointmentDayCreate (/Users/amphol/Documents/MyApp/api_ocr/src/controllers/index_controller.js:51:29)
    at Layer.handle [as handle_request] (/Users/amphol/Documents/MyApp/api_ocr/node_modules/express/lib/router/layer.js:95:5)
    at next (/Users/amphol/Documents/MyApp/api_ocr/node_modules/express/lib/router/route.js:149:13)
    at done (/Users/amphol/Documents/MyApp/api_ocr/node_modules/multer/lib/make-middleware.js:45:7)
    at indicateDone (/Users/amphol/Documents/MyApp/api_ocr/node_modules/multer/lib/make-middleware.js:49:68)
    at Multipart.<anonymous> (/Users/amphol/Documents/MyApp/api_ocr/node_modules/multer/lib/make-middleware.js:166:7)
    at Multipart.emit (node:events:514:28)
    at emitCloseNT (node:internal/streams/destroy:132:10)
    at process.processTicksAndRejections (node:internal/process/task_queues:81:21)
2024-10-16T04:08:44.696Z - TypeError: Cannot read properties of undefined (reading 'path')
    at appointmentDayCreate (/Users/amphol/Documents/MyApp/api_ocr/src/controllers/index_controller.js:51:29)
    at Layer.handle [as handle_request] (/Users/amphol/Documents/MyApp/api_ocr/node_modules/express/lib/router/layer.js:95:5)
    at next (/Users/amphol/Documents/MyApp/api_ocr/node_modules/express/lib/router/route.js:149:13)
    at done (/Users/amphol/Documents/MyApp/api_ocr/node_modules/multer/lib/make-middleware.js:45:7)
    at indicateDone (/Users/amphol/Documents/MyApp/api_ocr/node_modules/multer/lib/make-middleware.js:49:68)
    at Multipart.<anonymous> (/Users/amphol/Documents/MyApp/api_ocr/node_modules/multer/lib/make-middleware.js:166:7)
    at Multipart.emit (node:events:514:28)
    at emitCloseNT (node:internal/streams/destroy:132:10)
    at process.processTicksAndRejections (node:internal/process/task_queues:81:21)
2024-10-16T04:31:37.935Z - Error: ENOENT: no such file or directory, open './test4.jpg'
    at Object.openSync (node:fs:581:18)
    at Object.readFileSync (node:fs:457:35)
    at fileToGenerativePart (/Users/amphol/Documents/MyApp/api_ocr/src/controllers/index_controller.js:78:28)
    at appointmentDayCreate (/Users/amphol/Documents/MyApp/api_ocr/src/controllers/index_controller.js:65:23)
    at Layer.handle [as handle_request] (/Users/amphol/Documents/MyApp/api_ocr/node_modules/express/lib/router/layer.js:95:5)
    at next (/Users/amphol/Documents/MyApp/api_ocr/node_modules/express/lib/router/route.js:149:13)
    at done (/Users/amphol/Documents/MyApp/api_ocr/node_modules/multer/lib/make-middleware.js:45:7)
    at indicateDone (/Users/amphol/Documents/MyApp/api_ocr/node_modules/multer/lib/make-middleware.js:49:68)
    at /Users/amphol/Documents/MyApp/api_ocr/node_modules/multer/lib/make-middleware.js:155:11
    at WriteStream.<anonymous> (/Users/amphol/Documents/MyApp/api_ocr/node_modules/multer/storage/disk.js:43:9)
2024-10-16T04:32:44.628Z - SyntaxError: Unexpected non-whitespace character after JSON at position 426
    at JSON.parse (<anonymous>)
    at appointmentDayCreate (/Users/amphol/Documents/MyApp/api_ocr/src/controllers/index_controller.js:68:27)
    at process.processTicksAndRejections (node:internal/process/task_queues:95:5)
2024-10-16T04:33:44.918Z - SyntaxError: Unexpected non-whitespace character after JSON at position 304
    at JSON.parse (<anonymous>)
    at appointmentDayCreate (/Users/amphol/Documents/MyApp/api_ocr/src/controllers/index_controller.js:68:27)
    at process.processTicksAndRejections (node:internal/process/task_queues:95:5)
